C:\Users\yuryo\Desktop\WebHacking\Тестовые проекты\mvc-telecom-test\web-api\client\dist\out-tsc\app\Interfaces\StackItem-interface.js
C:\Users\yuryo\Desktop\WebHacking\Тестовые проекты\mvc-telecom-test\web-api\client\dist\out-tsc\app\Interfaces\StackItem-interface.js.map
C:\Users\yuryo\Desktop\WebHacking\Тестовые проекты\mvc-telecom-test\web-api\client\dist\out-tsc\app\services\http.service.js
C:\Users\yuryo\Desktop\WebHacking\Тестовые проекты\mvc-telecom-test\web-api\client\dist\out-tsc\app\services\http.service.js.map
C:\Users\yuryo\Desktop\WebHacking\Тестовые проекты\mvc-telecom-test\web-api\client\dist\out-tsc\app\components\main\main.component.js
C:\Users\yuryo\Desktop\WebHacking\Тестовые проекты\mvc-telecom-test\web-api\client\dist\out-tsc\app\components\main\main.component.js.map
C:\Users\yuryo\Desktop\WebHacking\Тестовые проекты\mvc-telecom-test\web-api\client\dist\out-tsc\app\app-routing.module.js
C:\Users\yuryo\Desktop\WebHacking\Тестовые проекты\mvc-telecom-test\web-api\client\dist\out-tsc\app\app-routing.module.js.map
C:\Users\yuryo\Desktop\WebHacking\Тестовые проекты\mvc-telecom-test\web-api\client\dist\out-tsc\app\app.component.js
C:\Users\yuryo\Desktop\WebHacking\Тестовые проекты\mvc-telecom-test\web-api\client\dist\out-tsc\app\app.component.js.map
C:\Users\yuryo\Desktop\WebHacking\Тестовые проекты\mvc-telecom-test\web-api\client\dist\out-tsc\app\app.module.js
C:\Users\yuryo\Desktop\WebHacking\Тестовые проекты\mvc-telecom-test\web-api\client\dist\out-tsc\app\app.module.js.map
C:\Users\yuryo\Desktop\WebHacking\Тестовые проекты\mvc-telecom-test\web-api\client\dist\out-tsc\environments\environment.js
C:\Users\yuryo\Desktop\WebHacking\Тестовые проекты\mvc-telecom-test\web-api\client\dist\out-tsc\environments\environment.js.map
C:\Users\yuryo\Desktop\WebHacking\Тестовые проекты\mvc-telecom-test\web-api\client\dist\out-tsc\main.js
C:\Users\yuryo\Desktop\WebHacking\Тестовые проекты\mvc-telecom-test\web-api\client\dist\out-tsc\main.js.map
C:\Users\yuryo\Desktop\WebHacking\Тестовые проекты\mvc-telecom-test\web-api\client\dist\out-tsc\polyfills.js
C:\Users\yuryo\Desktop\WebHacking\Тестовые проекты\mvc-telecom-test\web-api\client\dist\out-tsc\polyfills.js.map
C:\Users\yuryo\Desktop\WebHacking\Тестовые проекты\mvc-telecom-test\web-api\client\dist\out-tsc\test.js
C:\Users\yuryo\Desktop\WebHacking\Тестовые проекты\mvc-telecom-test\web-api\client\dist\out-tsc\test.js.map
C:\Users\yuryo\Desktop\WebHacking\Тестовые проекты\mvc-telecom-test\web-api\client\dist\out-tsc\app\app.component.spec.js
C:\Users\yuryo\Desktop\WebHacking\Тестовые проекты\mvc-telecom-test\web-api\client\dist\out-tsc\app\app.component.spec.js.map
C:\Users\yuryo\Desktop\WebHacking\Тестовые проекты\mvc-telecom-test\web-api\client\dist\out-tsc\environments\environment.prod.js
C:\Users\yuryo\Desktop\WebHacking\Тестовые проекты\mvc-telecom-test\web-api\client\dist\out-tsc\environments\environment.prod.js.map
